<?xml version="1.0" encoding="UTF-8"?>
<testsuite xmlns:xsi="http://www.w3.org/2001/XMLSchema-instance" xsi:noNamespaceSchemaLocation="https://maven.apache.org/surefire/maven-surefire-plugin/xsd/surefire-test-report.xsd" version="3.0.2" name="com.spawnbenzi.scf_terraform_lab.FunctionSmokeTest" time="2.344" tests="1" errors="0" skipped="0" failures="0">
  <properties>
[...]
</properties>
  <testcase name="uppercase_function_should_work" classname="com.spawnbenzi.scf_terraform_lab.FunctionSmokeTest" time="0.815">
    <system-out><![CDATA[13:10:05.560 [main] INFO org.springframework.test.context.support.AnnotationConfigContextLoaderUtils -- Could not detect default configuration classes for test class [com.spawnbenzi.scf_terraform_lab.FunctionSmokeTest]: FunctionSmokeTest does not declare any static, non-private, non-final, nested classes annotated with @Configuration.
13:10:05.669 [main] INFO org.springframework.boot.test.context.SpringBootTestContextBootstrapper -- Found @SpringBootConfiguration com.spawnbenzi.scf_terraform_lab.ScfTerraformLabApplication for test class com.spawnbenzi.scf_terraform_lab.FunctionSmokeTest

  .   ____          _            __ _ _
 /\\ / ___'_ __ _ _(_)_ __  __ _ \ \ \ \
( ( )\___ | '_ | '_| | '_ \/ _` | \ \ \ \
 \\/  ___)| |_)| | | | | || (_| |  ) ) ) )
  '  |____| .__|_| |_|_| |_\__, | / / / /
 =========|_|==============|___/=/_/_/_/

 :: Spring Boot ::                (v4.0.1)

2025-12-21T13:10:06.114-03:00  WARN 10612 --- [scf-terraform-lab] [           main] ory$DuplicateJsonObjectContextCustomizer : 

Found multiple occurrences of org.json.JSONObject on the class path:

	jar:file:/C:/Users/rapha/.m2/repository/org/json/json/20240303/json-20240303.jar!/org/json/JSONObject.class
	jar:file:/C:/Users/rapha/.m2/repository/com/vaadin/external/google/android-json/0.0.20131108.vaadin1/android-json-0.0.20131108.vaadin1.jar!/org/json/JSONObject.class

You may wish to exclude one of them to ensure predictable runtime behavior

2025-12-21T13:10:06.125-03:00  INFO 10612 --- [scf-terraform-lab] [           main] c.s.scf_terraform_lab.FunctionSmokeTest  : Starting FunctionSmokeTest using Java 21.0.9 with PID 10612 (started by rapha in C:\Users\rapha\Programs\scf-terraform-lab)
2025-12-21T13:10:06.133-03:00  INFO 10612 --- [scf-terraform-lab] [           main] c.s.scf_terraform_lab.FunctionSmokeTest  : No active profile set, falling back to 1 default profile: "default"
2025-12-21T13:10:06.808-03:00  INFO 10612 --- [scf-terraform-lab] [           main] c.s.scf_terraform_lab.FunctionSmokeTest  : Started FunctionSmokeTest in 0.976 seconds (process running for 2.242)
]]></system-out>
    <system-err><![CDATA[Mockito is currently self-attaching to enable the inline-mock-maker. This will no longer work in future releases of the JDK. Please add Mockito as an agent to your build as described in Mockito's documentation: https://javadoc.io/doc/org.mockito/mockito-core/latest/org.mockito/org/mockito/Mockito.html#0.3
WARNING: A Java agent has been loaded dynamically (C:\Users\rapha\.m2\repository\net\bytebuddy\byte-buddy-agent\1.17.8\byte-buddy-agent-1.17.8.jar)
WARNING: If a serviceability tool is in use, please run with -XX:+EnableDynamicAgentLoading to hide this warning
WARNING: If a serviceability tool is not in use, please run with -Djdk.instrument.traceUsage for more information
WARNING: Dynamic loading of agents will be disallowed by default in a future release
]]></system-err>
  </testcase>
</testsuite>